<?xml version="1.0" encoding="UTF-8"?>
<Site BuildName="(empty)"
	BuildStamp="20230414-0720-Experimental"
	Name="cityu-autoware"
	Generator="ctest-3.16.3"
	CompilerName="/usr/bin/c++"
	CompilerVersion="9.4.0"
	OSName="Linux"
	Hostname="cityu-autoware"
	OSRelease="5.15.0-69-generic"
	OSVersion="#76~20.04.1-Ubuntu SMP Mon Mar 20 15:54:19 UTC 2023"
	OSPlatform="x86_64"
	Is64Bits="1"
	VendorString="GenuineIntel"
	VendorID="Intel Corporation"
	FamilyID="6"
	ModelID="158"
	ProcessorCacheSize="16384"
	NumberOfLogicalCPU="16"
	NumberOfPhysicalCPU="8"
	TotalVirtualMemory="2047"
	TotalPhysicalMemory="32009"
	LogicalProcessorsPerPhysical="2"
	ProcessorClockFrequency="3600"
	>
	<Testing>
		<StartDateTime>Apr 14 15:20 CST</StartDateTime>
		<StartTestTime>1681456831</StartTestTime>
		<TestList>
			<Test>./copyright</Test>
			<Test>./cppcheck</Test>
			<Test>./lint_cmake</Test>
			<Test>./xmllint</Test>
		</TestList>
		<Test Status="passed">
			<Name>copyright</Name>
			<Path>.</Path>
			<FullName>./copyright</FullName>
			<FullCommandLine>/usr/bin/python3 "-u" "/opt/ros/galactic/share/ament_cmake_test/cmake/run_test.py" "/home/cityu/autoware/build/tvm_utility/test_results/tvm_utility/copyright.xunit.xml" "--package-name" "tvm_utility" "--output-file" "/home/cityu/autoware/build/tvm_utility/ament_copyright/copyright.txt" "--command" "/opt/ros/galactic/bin/ament_copyright" "--xunit-file" "/home/cityu/autoware/build/tvm_utility/test_results/tvm_utility/copyright.xunit.xml"</FullCommandLine>
			<Results>
				<NamedMeasurement type="numeric/double" name="Execution Time">
					<Value>0.853155</Value>
				</NamedMeasurement>
				<NamedMeasurement type="numeric/double" name="Processors">
					<Value>1</Value>
				</NamedMeasurement>
				<NamedMeasurement type="text/string" name="Completion Status">
					<Value>Completed</Value>
				</NamedMeasurement>
				<NamedMeasurement type="text/string" name="Command Line">
					<Value>/usr/bin/python3 "-u" "/opt/ros/galactic/share/ament_cmake_test/cmake/run_test.py" "/home/cityu/autoware/build/tvm_utility/test_results/tvm_utility/copyright.xunit.xml" "--package-name" "tvm_utility" "--output-file" "/home/cityu/autoware/build/tvm_utility/ament_copyright/copyright.txt" "--command" "/opt/ros/galactic/bin/ament_copyright" "--xunit-file" "/home/cityu/autoware/build/tvm_utility/test_results/tvm_utility/copyright.xunit.xml"</Value>
				</NamedMeasurement>
				<Measurement>
					<Value>-- run_test.py: invoking following command in '/home/cityu/autoware/src/universe/autoware.universe/common/tvm_utility':
 - /opt/ros/galactic/bin/ament_copyright --xunit-file /home/cityu/autoware/build/tvm_utility/test_results/tvm_utility/copyright.xunit.xml
No problems found, checked 4 files
-- run_test.py: return code 0
-- run_test.py: verify result file '/home/cityu/autoware/build/tvm_utility/test_results/tvm_utility/copyright.xunit.xml'
</Value>
				</Measurement>
			</Results>
			<Labels>
				<Label>copyright</Label>
				<Label>linter</Label>
			</Labels>
		</Test>
		<Test Status="passed">
			<Name>cppcheck</Name>
			<Path>.</Path>
			<FullName>./cppcheck</FullName>
			<FullCommandLine>/usr/bin/python3 "-u" "/opt/ros/galactic/share/ament_cmake_test/cmake/run_test.py" "/home/cityu/autoware/build/tvm_utility/test_results/tvm_utility/cppcheck.xunit.xml" "--package-name" "tvm_utility" "--output-file" "/home/cityu/autoware/build/tvm_utility/ament_cppcheck/cppcheck.txt" "--command" "/opt/ros/galactic/bin/ament_cppcheck" "--xunit-file" "/home/cityu/autoware/build/tvm_utility/test_results/tvm_utility/cppcheck.xunit.xml" "--include_dirs" "/home/cityu/autoware/src/universe/autoware.universe/common/tvm_utility/include"</FullCommandLine>
			<Results>
				<NamedMeasurement type="numeric/double" name="Execution Time">
					<Value>0.339226</Value>
				</NamedMeasurement>
				<NamedMeasurement type="numeric/double" name="Processors">
					<Value>1</Value>
				</NamedMeasurement>
				<NamedMeasurement type="text/string" name="Completion Status">
					<Value>Completed</Value>
				</NamedMeasurement>
				<NamedMeasurement type="text/string" name="Command Line">
					<Value>/usr/bin/python3 "-u" "/opt/ros/galactic/share/ament_cmake_test/cmake/run_test.py" "/home/cityu/autoware/build/tvm_utility/test_results/tvm_utility/cppcheck.xunit.xml" "--package-name" "tvm_utility" "--output-file" "/home/cityu/autoware/build/tvm_utility/ament_cppcheck/cppcheck.txt" "--command" "/opt/ros/galactic/bin/ament_cppcheck" "--xunit-file" "/home/cityu/autoware/build/tvm_utility/test_results/tvm_utility/cppcheck.xunit.xml" "--include_dirs" "/home/cityu/autoware/src/universe/autoware.universe/common/tvm_utility/include"</Value>
				</NamedMeasurement>
				<Measurement>
					<Value>-- run_test.py: invoking following command in '/home/cityu/autoware/src/universe/autoware.universe/common/tvm_utility':
 - /opt/ros/galactic/bin/ament_cppcheck --xunit-file /home/cityu/autoware/build/tvm_utility/test_results/tvm_utility/cppcheck.xunit.xml --include_dirs /home/cityu/autoware/src/universe/autoware.universe/common/tvm_utility/include
No problems found
-- run_test.py: return code 0
-- run_test.py: verify result file '/home/cityu/autoware/build/tvm_utility/test_results/tvm_utility/cppcheck.xunit.xml'
</Value>
				</Measurement>
			</Results>
			<Labels>
				<Label>cppcheck</Label>
				<Label>linter</Label>
			</Labels>
		</Test>
		<Test Status="passed">
			<Name>lint_cmake</Name>
			<Path>.</Path>
			<FullName>./lint_cmake</FullName>
			<FullCommandLine>/usr/bin/python3 "-u" "/opt/ros/galactic/share/ament_cmake_test/cmake/run_test.py" "/home/cityu/autoware/build/tvm_utility/test_results/tvm_utility/lint_cmake.xunit.xml" "--package-name" "tvm_utility" "--output-file" "/home/cityu/autoware/build/tvm_utility/ament_lint_cmake/lint_cmake.txt" "--command" "/opt/ros/galactic/bin/ament_lint_cmake" "--xunit-file" "/home/cityu/autoware/build/tvm_utility/test_results/tvm_utility/lint_cmake.xunit.xml"</FullCommandLine>
			<Results>
				<NamedMeasurement type="numeric/double" name="Execution Time">
					<Value>0.287964</Value>
				</NamedMeasurement>
				<NamedMeasurement type="numeric/double" name="Processors">
					<Value>1</Value>
				</NamedMeasurement>
				<NamedMeasurement type="text/string" name="Completion Status">
					<Value>Completed</Value>
				</NamedMeasurement>
				<NamedMeasurement type="text/string" name="Command Line">
					<Value>/usr/bin/python3 "-u" "/opt/ros/galactic/share/ament_cmake_test/cmake/run_test.py" "/home/cityu/autoware/build/tvm_utility/test_results/tvm_utility/lint_cmake.xunit.xml" "--package-name" "tvm_utility" "--output-file" "/home/cityu/autoware/build/tvm_utility/ament_lint_cmake/lint_cmake.txt" "--command" "/opt/ros/galactic/bin/ament_lint_cmake" "--xunit-file" "/home/cityu/autoware/build/tvm_utility/test_results/tvm_utility/lint_cmake.xunit.xml"</Value>
				</NamedMeasurement>
				<Measurement>
					<Value>-- run_test.py: invoking following command in '/home/cityu/autoware/src/universe/autoware.universe/common/tvm_utility':
 - /opt/ros/galactic/bin/ament_lint_cmake --xunit-file /home/cityu/autoware/build/tvm_utility/test_results/tvm_utility/lint_cmake.xunit.xml

No problems found
-- run_test.py: return code 0
-- run_test.py: verify result file '/home/cityu/autoware/build/tvm_utility/test_results/tvm_utility/lint_cmake.xunit.xml'
</Value>
				</Measurement>
			</Results>
			<Labels>
				<Label>lint_cmake</Label>
				<Label>linter</Label>
			</Labels>
		</Test>
		<Test Status="passed">
			<Name>xmllint</Name>
			<Path>.</Path>
			<FullName>./xmllint</FullName>
			<FullCommandLine>/usr/bin/python3 "-u" "/opt/ros/galactic/share/ament_cmake_test/cmake/run_test.py" "/home/cityu/autoware/build/tvm_utility/test_results/tvm_utility/xmllint.xunit.xml" "--package-name" "tvm_utility" "--output-file" "/home/cityu/autoware/build/tvm_utility/ament_xmllint/xmllint.txt" "--command" "/opt/ros/galactic/bin/ament_xmllint" "--xunit-file" "/home/cityu/autoware/build/tvm_utility/test_results/tvm_utility/xmllint.xunit.xml"</FullCommandLine>
			<Results>
				<NamedMeasurement type="numeric/double" name="Execution Time">
					<Value>1.3542</Value>
				</NamedMeasurement>
				<NamedMeasurement type="numeric/double" name="Processors">
					<Value>1</Value>
				</NamedMeasurement>
				<NamedMeasurement type="text/string" name="Completion Status">
					<Value>Completed</Value>
				</NamedMeasurement>
				<NamedMeasurement type="text/string" name="Command Line">
					<Value>/usr/bin/python3 "-u" "/opt/ros/galactic/share/ament_cmake_test/cmake/run_test.py" "/home/cityu/autoware/build/tvm_utility/test_results/tvm_utility/xmllint.xunit.xml" "--package-name" "tvm_utility" "--output-file" "/home/cityu/autoware/build/tvm_utility/ament_xmllint/xmllint.txt" "--command" "/opt/ros/galactic/bin/ament_xmllint" "--xunit-file" "/home/cityu/autoware/build/tvm_utility/test_results/tvm_utility/xmllint.xunit.xml"</Value>
				</NamedMeasurement>
				<Measurement>
					<Value>-- run_test.py: invoking following command in '/home/cityu/autoware/src/universe/autoware.universe/common/tvm_utility':
 - /opt/ros/galactic/bin/ament_xmllint --xunit-file /home/cityu/autoware/build/tvm_utility/test_results/tvm_utility/xmllint.xunit.xml
File 'package.xml' is valid

No problems found
-- run_test.py: return code 0
-- run_test.py: verify result file '/home/cityu/autoware/build/tvm_utility/test_results/tvm_utility/xmllint.xunit.xml'
</Value>
				</Measurement>
			</Results>
			<Labels>
				<Label>linter</Label>
				<Label>xmllint</Label>
			</Labels>
		</Test>
		<EndDateTime>Apr 14 15:20 CST</EndDateTime>
		<EndTestTime>1681456834</EndTestTime>
		<ElapsedMinutes>0</ElapsedMinutes>
	</Testing>
</Site>
